[debug] [2018-05-31T07:06:06.336Z] ----------------------------------------------------------------------
[debug] [2018-05-31T07:06:06.340Z] Command:       /home/ubuntu/.nvm/versions/node/v6.11.2/bin/node /home/ubuntu/.nvm/versions/node/v6.11.2/bin/firebase login
[debug] [2018-05-31T07:06:06.341Z] CLI Version:   3.18.5
[debug] [2018-05-31T07:06:06.341Z] Platform:      linux
[debug] [2018-05-31T07:06:06.341Z] Node Version:  v6.11.2
[debug] [2018-05-31T07:06:06.341Z] Time:          Thu May 31 2018 07:06:06 GMT+0000 (UTC)
[debug] [2018-05-31T07:06:06.341Z] ----------------------------------------------------------------------
[debug] 
[info] 
[info] Visit this URL on any device to log in:
[info] https://accounts.google.com/o/oauth2/auth?client_id=563584335869-fgrhgmd47bqnekij5i8b5pr03ho849e6.apps.googleusercontent.com&scope=email%20openid%20https%3A%2F%2Fwww.googleapis.com%2Fauth%2Fcloudplatformprojects.readonly%20https%3A%2F%2Fwww.googleapis.com%2Fauth%2Ffirebase%20https%3A%2F%2Fwww.googleapis.com%2Fauth%2Fcloud-platform&response_type=code&state=56878166&redirect_uri=http%3A%2F%2Flocalhost%3A9005
[info] 
[info] Waiting for authentication...
[debug] [2018-05-31T07:11:39.311Z] ----------------------------------------------------------------------
[debug] [2018-05-31T07:11:39.315Z] Command:       /home/ubuntu/.nvm/versions/node/v6.11.2/bin/node /home/ubuntu/.nvm/versions/node/v6.11.2/bin/firebase login
[debug] [2018-05-31T07:11:39.315Z] CLI Version:   3.18.5
[debug] [2018-05-31T07:11:39.316Z] Platform:      linux
[debug] [2018-05-31T07:11:39.316Z] Node Version:  v6.11.2
[debug] [2018-05-31T07:11:39.316Z] Time:          Thu May 31 2018 07:11:39 GMT+0000 (UTC)
[debug] [2018-05-31T07:11:39.316Z] ----------------------------------------------------------------------
[debug] 
[info] 
[info] Visit this URL on any device to log in:
[info] https://accounts.google.com/o/oauth2/auth?client_id=563584335869-fgrhgmd47bqnekij5i8b5pr03ho849e6.apps.googleusercontent.com&scope=email%20openid%20https%3A%2F%2Fwww.googleapis.com%2Fauth%2Fcloudplatformprojects.readonly%20https%3A%2F%2Fwww.googleapis.com%2Fauth%2Ffirebase%20https%3A%2F%2Fwww.googleapis.com%2Fauth%2Fcloud-platform&response_type=code&state=963740326&redirect_uri=http%3A%2F%2Flocalhost%3A9005
[info] 
[info] Waiting for authentication...
